<?xml version="1.0" encoding="UTF-8"?>
<!-- Generated by org.testng.reporters.JUnitXMLReporter -->
<testsuite ignored="3" hostname="Himanshu-PC" failures="0" tests="1" name="Default test" time="6.553" errors="0" timestamp="2024-02-02T16:58:28 IST">
  <testcase classname="reqres.api.GET_Request" name="digestAuthentication" time="6.489"/>
  <testcase classname="reqres.api.GET_Request" name="getSingleUser" time="0.0">
    <ignored/>
  </testcase> <!-- getSingleUser -->
  <testcase classname="reqres.api.GET_Request" name="basicAuthentication" time="0.0">
    <ignored/>
  </testcase> <!-- basicAuthentication -->
  <testcase classname="reqres.api.GET_Request" name="getListOfUser" time="0.0">
    <ignored/>
  </testcase> <!-- getListOfUser -->
</testsuite> <!-- Default test -->
