<?xml version="1.0" encoding="UTF-8"?>
<!-- Generated by org.testng.reporters.JUnitXMLReporter -->
<testsuite ignored="1" hostname="Himanshu-PC" failures="0" tests="1" name="Default test" time="2.597" errors="0" timestamp="2024-02-01T08:26:18 IST">
  <testcase classname="reqres.api.GET_Request" name="getSingleUser_BDDStyle" time="2.527"/>
  <testcase classname="reqres.api.GET_Request" name="getSingleUser" time="0.0">
    <ignored/>
  </testcase> <!-- getSingleUser -->
</testsuite> <!-- Default test -->
