<?xml version="1.0" encoding="UTF-8"?>
<testng-results ignored="0" total="1" passed="1" failed="0" skipped="0">
  <reporter-output>
  </reporter-output>
  <suite started-at="2024-02-01T08:26:16 IST" name="Default suite" finished-at="2024-02-01T08:26:18 IST" duration-ms="2597">
    <groups>
    </groups>
    <test started-at="2024-02-01T08:26:16 IST" name="Default test" finished-at="2024-02-01T08:26:18 IST" duration-ms="2597">
      <class name="reqres.api.GET_Request">
        <test-method signature="getSingleUser_BDDStyle()[pri:0, instance:reqres.api.GET_Request@6392827e]" started-at="2024-02-01T08:26:16 IST" name="getSingleUser_BDDStyle" finished-at="2024-02-01T08:26:18 IST" duration-ms="2527" status="PASS">
          <reporter-output>
          </reporter-output>
        </test-method> <!-- getSingleUser_BDDStyle -->
      </class> <!-- reqres.api.GET_Request -->
    </test> <!-- Default test -->
  </suite> <!-- Default suite -->
</testng-results>
