<?xml version="1.0" encoding="UTF-8"?>
<testng-results ignored="0" total="1" passed="1" failed="0" skipped="0">
  <reporter-output>
  </reporter-output>
  <suite started-at="2024-02-02T16:58:22 IST" name="Default suite" finished-at="2024-02-02T16:58:28 IST" duration-ms="6553">
    <groups>
    </groups>
    <test started-at="2024-02-02T16:58:22 IST" name="Default test" finished-at="2024-02-02T16:58:28 IST" duration-ms="6553">
      <class name="reqres.api.GET_Request">
        <test-method signature="digestAuthentication()[pri:4, instance:reqres.api.GET_Request@c88a337]" started-at="2024-02-02T16:58:22 IST" name="digestAuthentication" finished-at="2024-02-02T16:58:28 IST" duration-ms="6489" status="PASS">
          <reporter-output>
          </reporter-output>
        </test-method> <!-- digestAuthentication -->
      </class> <!-- reqres.api.GET_Request -->
    </test> <!-- Default test -->
  </suite> <!-- Default suite -->
</testng-results>
